Traceback (most recent call last):
  File "/usr/local/python/3.12.1/lib/python3.12/site-packages/jupyter_cache/executors/utils.py", line 58, in single_nb_execution
    executenb(
  File "/home/codespace/.local/lib/python3.12/site-packages/nbclient/client.py", line 1319, in execute
    return NotebookClient(nb=nb, resources=resources, km=km, **kwargs).execute()
           ^^^^^^^^^^^^^^^^^^^^^^^^^^^^^^^^^^^^^^^^^^^^^^^^^^^^^^^^^^^^^^^^^^^^^
  File "/home/codespace/.local/lib/python3.12/site-packages/jupyter_core/utils/__init__.py", line 165, in wrapped
    return loop.run_until_complete(inner)
           ^^^^^^^^^^^^^^^^^^^^^^^^^^^^^^
  File "/usr/local/python/3.12.1/lib/python3.12/asyncio/base_events.py", line 684, in run_until_complete
    return future.result()
           ^^^^^^^^^^^^^^^
  File "/home/codespace/.local/lib/python3.12/site-packages/nbclient/client.py", line 709, in async_execute
    await self.async_execute_cell(
  File "/home/codespace/.local/lib/python3.12/site-packages/nbclient/client.py", line 1062, in async_execute_cell
    await self._check_raise_for_error(cell, cell_index, exec_reply)
  File "/home/codespace/.local/lib/python3.12/site-packages/nbclient/client.py", line 918, in _check_raise_for_error
    raise CellExecutionError.from_cell_and_msg(cell, exec_reply_content)
nbclient.exceptions.CellExecutionError: An error occurred while executing the following cell:
------------------
print("Hello World")

a = "rendi"
b = input("?")

print(a + b)
------------------

----- stdout -----
Hello World
------------------

[31m---------------------------------------------------------------------------[39m
[31mStdinNotImplementedError[39m                  Traceback (most recent call last)
[36mCell[39m[36m [39m[32mIn[2][39m[32m, line 4[39m
[32m      1[39m [38;5;28mprint[39m([33m"[39m[33mHello World[39m[33m"[39m)
[32m      3[39m a = [33m"[39m[33mrendi[39m[33m"[39m
[32m----> [39m[32m4[39m b = [38;5;28;43minput[39;49m[43m([49m[33;43m"[39;49m[33;43m?[39;49m[33;43m"[39;49m[43m)[49m
[32m      6[39m [38;5;28mprint[39m(a + b)

[36mFile [39m[32m~/.local/lib/python3.12/site-packages/ipykernel/kernelbase.py:1395[39m, in [36mKernel.raw_input[39m[34m(self, prompt)[39m
[32m   1393[39m [38;5;28;01mif[39;00m [38;5;129;01mnot[39;00m [38;5;28mself[39m._allow_stdin:
[32m   1394[39m     msg = [33m"[39m[33mraw_input was called, but this frontend does not support input requests.[39m[33m"[39m
[32m-> [39m[32m1395[39m     [38;5;28;01mraise[39;00m StdinNotImplementedError(msg)
[32m   1396[39m [38;5;28;01mreturn[39;00m [38;5;28mself[39m._input_request(
[32m   1397[39m     [38;5;28mstr[39m(prompt),
[32m   1398[39m     [38;5;28mself[39m._get_shell_context_var([38;5;28mself[39m._shell_parent_ident),
[32m   1399[39m     [38;5;28mself[39m.get_parent([33m"[39m[33mshell[39m[33m"[39m),
[32m   1400[39m     password=[38;5;28;01mFalse[39;00m,
[32m   1401[39m )

[31mStdinNotImplementedError[39m: raw_input was called, but this frontend does not support input requests.

